2024-11-24 16:04:49,859 - INFO - Log directory: ./libcity/log
2024-11-24 16:04:49,859 - INFO - Begin pipeline, task=traffic_state_pred, model_name=ASTGCN, dataset_name=METR_LA, exp_id=56828
2024-11-24 16:04:49,859 - INFO - {'task': 'traffic_state_pred', 'model': 'ASTGCN', 'dataset': 'METR_LA', 'saved_model': True, 'train': True, 'seed': 0, 'dataset_class': 'ASTGCNDataset', 'executor': 'TrafficStateExecutor', 'evaluator': 'TrafficStateEvaluator', 'nb_block': 2, 'K': 3, 'nb_chev_filter': 64, 'nb_time_filter': 64, 'scaler': 'standard', 'load_external': False, 'normal_external': False, 'ext_scaler': 'none', 'add_time_in_day': False, 'add_day_in_week': False, 'train_rate': 0.6, 'eval_rate': 0.2, 'max_epoch': 100, 'learner': 'adam', 'learning_rate': 0.0001, 'lr_decay': False, 'clip_grad_norm': False, 'use_early_stop': False, 'batch_size': 64, 'cache_dataset': True, 'num_workers': 0, 'pad_with_last_sample': True, 'input_window': 12, 'output_window': 12, 'len_closeness': 2, 'len_period': 1, 'len_trend': 2, 'interval_period': 1, 'interval_trend': 7, 'gpu': True, 'gpu_id': 0, 'train_loss': 'none', 'epoch': 0, 'weight_decay': 0, 'lr_epsilon': 1e-08, 'lr_beta1': 0.9, 'lr_beta2': 0.999, 'lr_alpha': 0.99, 'lr_momentum': 0, 'lr_scheduler': 'multisteplr', 'lr_decay_ratio': 0.1, 'steps': [5, 20, 40, 70], 'step_size': 10, 'lr_T_max': 30, 'lr_eta_min': 0, 'lr_patience': 10, 'lr_threshold': 0.0001, 'max_grad_norm': 1.0, 'patience': 50, 'log_level': 'INFO', 'log_every': 1, 'load_best_epoch': True, 'hyper_tune': False, 'metrics': ['MAE', 'MAPE', 'MSE', 'RMSE', 'masked_MAE', 'masked_MAPE', 'masked_MSE', 'masked_RMSE', 'R2', 'EVAR'], 'evaluator_mode': 'single', 'save_mode': ['csv'], 'geo': {'including_types': ['Point'], 'Point': {}}, 'rel': {'including_types': ['geo'], 'geo': {'cost': 'num'}}, 'dyna': {'including_types': ['state'], 'state': {'entity_id': 'geo_id', 'traffic_speed': 'num'}}, 'data_col': ['traffic_speed'], 'weight_col': 'cost', 'data_files': ['METR_LA'], 'geo_file': 'METR_LA', 'rel_file': 'METR_LA', 'output_dim': 1, 'time_intervals': 300, 'init_weight_inf_or_zero': 'inf', 'set_weight_link_or_dist': 'dist', 'calculate_weight_adj': True, 'weight_adj_epsilon': 0.1, 'device': device(type='cuda', index=0), 'exp_id': 56828}
2024-11-24 16:04:49,866 - INFO - Loaded file METR_LA.geo, num_nodes=207
2024-11-24 16:04:49,870 - INFO - set_weight_link_or_dist: dist
2024-11-24 16:04:49,870 - INFO - init_weight_inf_or_zero: inf
2024-11-24 16:04:49,884 - INFO - Loaded file METR_LA.rel, shape=(207, 207)
2024-11-24 16:04:49,884 - INFO - Start Calculate the weight by Gauss kernel!
2024-11-24 16:04:49,885 - INFO - Loading file METR_LA.dyna
2024-11-24 16:04:52,239 - INFO - Loaded file METR_LA.dyna, shape=(34272, 207, 1)
2024-11-24 16:04:54,122 - INFO - closeness: (30229, 24, 207, 1)
2024-11-24 16:05:06,736 - INFO - period: (30229, 12, 207, 1)
2024-11-24 16:05:17,676 - INFO - trend: (30229, 24, 207, 1)
2024-11-24 16:05:19,120 - INFO - Dataset created
2024-11-24 16:05:19,120 - INFO - x shape: (30229, 60, 207, 1), y shape: (30229, 12, 207, 1)
2024-11-24 16:05:19,323 - INFO - train	x: (18137, 60, 207, 1), y: (18137, 12, 207, 1)
2024-11-24 16:05:19,323 - INFO - eval	x: (6046, 60, 207, 1), y: (6046, 12, 207, 1)
2024-11-24 16:05:19,323 - INFO - test	x: (6046, 60, 207, 1), y: (6046, 12, 207, 1)
2024-11-24 16:07:18,642 - INFO - Saved at ./libcity/cache/dataset_cache/point_based_METR_LA_2_1_2_1_7_12_0.6_0.2_standard_64_False_False_True.npz
2024-11-24 16:07:19,562 - INFO - StandardScaler mean: 53.98295746166815, std: 19.968749300515693
2024-11-24 16:07:19,562 - INFO - NoneScaler
