2024-11-24 15:46:59,325 - INFO - Log directory: ./libcity/log
2024-11-24 15:46:59,325 - INFO - Begin pipeline, task=traffic_state_pred, model_name=OpenGCN, dataset_name=METR_LA, exp_id=82940
2024-11-24 15:46:59,325 - INFO - {'task': 'traffic_state_pred', 'model': 'OpenGCN', 'dataset': 'METR_LA', 'saved_model': True, 'train': True, 'seed': 0, 'dataset_class': 'ASTGCNDataset', 'executor': 'TrafficStateExecutor', 'evaluator': 'TrafficStateEvaluator', 'K': 3, 'nb_chev_filter': 64, 'nb_time_filter': 64, 'hidden_size': 64, 'num_layers': 1, 'dropout': 0, 'max_epoch': 100, 'learner': 'adam', 'learning_rate': 0.001, 'batch_size': 64, 'cache_dataset': True, 'num_workers': 0, 'pad_with_last_sample': True, 'train_rate': 0.7, 'eval_rate': 0.1, 'scaler': 'standard', 'load_external': False, 'normal_external': False, 'ext_scaler': 'none', 'input_window': 12, 'output_window': 12, 'add_time_in_day': False, 'add_day_in_week': False, 'len_closeness': 2, 'len_period': 1, 'len_trend': 2, 'interval_period': 1, 'interval_trend': 7, 'gpu': True, 'gpu_id': 0, 'train_loss': 'none', 'epoch': 0, 'weight_decay': 0, 'lr_epsilon': 1e-08, 'lr_beta1': 0.9, 'lr_beta2': 0.999, 'lr_alpha': 0.99, 'lr_momentum': 0, 'lr_decay': False, 'lr_scheduler': 'multisteplr', 'lr_decay_ratio': 0.1, 'steps': [5, 20, 40, 70], 'step_size': 10, 'lr_T_max': 30, 'lr_eta_min': 0, 'lr_patience': 10, 'lr_threshold': 0.0001, 'clip_grad_norm': False, 'max_grad_norm': 1.0, 'use_early_stop': False, 'patience': 50, 'log_level': 'INFO', 'log_every': 1, 'load_best_epoch': True, 'hyper_tune': False, 'metrics': ['MAE', 'MAPE', 'MSE', 'RMSE', 'masked_MAE', 'masked_MAPE', 'masked_MSE', 'masked_RMSE', 'R2', 'EVAR'], 'evaluator_mode': 'single', 'save_mode': ['csv'], 'geo': {'including_types': ['Point'], 'Point': {}}, 'rel': {'including_types': ['geo'], 'geo': {'cost': 'num'}}, 'dyna': {'including_types': ['state'], 'state': {'entity_id': 'geo_id', 'traffic_speed': 'num'}}, 'data_col': ['traffic_speed'], 'weight_col': 'cost', 'data_files': ['METR_LA'], 'geo_file': 'METR_LA', 'rel_file': 'METR_LA', 'output_dim': 1, 'time_intervals': 300, 'init_weight_inf_or_zero': 'inf', 'set_weight_link_or_dist': 'dist', 'calculate_weight_adj': True, 'weight_adj_epsilon': 0.1, 'device': device(type='cuda', index=0), 'exp_id': 82940}
2024-11-24 15:46:59,333 - INFO - Loaded file METR_LA.geo, num_nodes=207
2024-11-24 15:46:59,339 - INFO - set_weight_link_or_dist: dist
2024-11-24 15:46:59,339 - INFO - init_weight_inf_or_zero: inf
2024-11-24 15:46:59,358 - INFO - Loaded file METR_LA.rel, shape=(207, 207)
2024-11-24 15:46:59,358 - INFO - Start Calculate the weight by Gauss kernel!
2024-11-24 15:46:59,359 - INFO - Loading file METR_LA.dyna
2024-11-24 15:47:01,832 - INFO - Loaded file METR_LA.dyna, shape=(34272, 207, 1)
2024-11-24 15:47:04,495 - INFO - closeness: (30229, 24, 207, 1)
2024-11-24 15:47:16,661 - INFO - period: (30229, 12, 207, 1)
2024-11-24 15:47:27,848 - INFO - trend: (30229, 24, 207, 1)
2024-11-24 15:47:29,337 - INFO - Dataset created
2024-11-24 15:47:29,337 - INFO - x shape: (30229, 60, 207, 1), y shape: (30229, 12, 207, 1)
2024-11-24 15:47:29,581 - INFO - train	x: (21160, 60, 207, 1), y: (21160, 12, 207, 1)
2024-11-24 15:47:29,581 - INFO - eval	x: (3023, 60, 207, 1), y: (3023, 12, 207, 1)
2024-11-24 15:47:29,581 - INFO - test	x: (6046, 60, 207, 1), y: (6046, 12, 207, 1)
2024-11-24 15:49:29,661 - INFO - Saved at ./libcity/cache/dataset_cache/point_based_METR_LA_2_1_2_1_7_12_0.7_0.1_standard_64_False_False_True.npz
2024-11-24 15:49:30,706 - INFO - StandardScaler mean: 54.3527883219444, std: 19.512706921362664
2024-11-24 15:49:30,707 - INFO - NoneScaler
